2017:04:23 10:03:38 : array (
  'url' => 'edusoho.com',
  'document_name' => '914cc9af0122c663326453c8ea60a5c2',
)

2017:04:25 01:38:19 : array (
  'url' => 'edusoho.com',
  'document_name' => '58f804fe03d85fa63584eaf34ece3263',
)

2017:04:25 02:45:00 : array (
  'url' => 'edusoho.com',
  'document_name' => '49277dec322b94f27b5d3753e167b4be',
)

2017:04:25 02:50:00 : array (
  'url' => 'http://www.edusoho.com/product/train',
  'document_name' => 'd920f7499c162457b70917ba2533fb4a',
)

2017:04:25 02:50:00 : array (
  'url' => 'http://www.edusoho.com/product/colleges',
  'document_name' => '8d247bffefb02502783ab96d633b3974',
)

2017:04:25 02:50:00 : array (
  'url' => 'http://www.edusoho.com/product/saas',
  'document_name' => '91f6cbd4016db50a06fc8c5730d52edf',
)

2017:04:25 02:50:00 : array (
  'url' => 'http://www.edusoho.com/cloud/live',
  'document_name' => '9bc0bbeb1aeae0b8e6fd43219350cf2a',
)

2017:04:25 02:50:00 : array (
  'url' => 'http://www.edusoho.com/crm/index',
  'document_name' => 'a4e0d9a246c1237c38e7cb7c02c5f680',
)

2017:04:25 02:50:00 : array (
  'url' => 'http://www.edusoho.com/cases',
  'document_name' => 'b71a553cd9abae3bc55835cf3efd787b',
)

2017:04:25 02:50:00 : array (
  'url' => 'http://www.edusoho.com/solutions/saas',
  'document_name' => '343e4db1b07d7981c43944f2859327cc',
)

2017:04:25 02:50:00 : array (
  'url' => 'http://www.edusoho.com/info',
  'document_name' => '2171d9631c18abaffffdba01c547a060',
)

2017:04:25 02:50:00 : array (
  'url' => 'http://www.edusoho.com/theme_display',
  'document_name' => '7609b687d0d3cec1fb7faeca0e10270f',
)

2017:04:25 02:50:00 : array (
  'url' => 'http://www.edusoho.com/abouts/company',
  'document_name' => 'de3fb8aa1a24000dc78e364a7e833f19',
)

2017:04:25 02:50:00 : array (
  'url' => 'http://www.edusoho.com/news/center',
  'document_name' => '814e7f5a7f6af0d8f012cfa0df91949d',
)

2017:04:25 02:50:00 : array (
  'url' => 'http://www.edusoho.com/abouts/progress',
  'document_name' => '9c585b402fe4bf66ed01b55ebb8415d4',
)

2017:04:25 02:50:00 : array (
  'url' => 'http://www.edusoho.com/abouts/connect',
  'document_name' => '29f6c5d020144f852fdd5bfa2935b871',
)

2017:04:25 02:53:00 : array (
  'url' => 'http://www.edusoho.com/libs/seajs/2.0.0/sea.js',
  'document_name' => '5d4cabac9462c678bb0018c43509c4be',
)

2017:04:25 02:53:00 : array (
  'url' => 'http://www.edusoho.com/product/colleges',
  'document_name' => '1670f6d6c908d2d00641b0afb4fbb758',
)

2017:04:25 02:53:00 : array (
  'url' => 'http://www.edusoho.com/product/saas',
  'document_name' => 'cbd491fe65117607345010f59730aaff',
)

2017:04:25 02:53:00 : array (
  'url' => 'http://www.edusoho.com/cloud/live',
  'document_name' => 'f24b3382405619244a436aafa764fbbc',
)

2017:04:25 02:53:00 : array (
  'url' => 'http://www.edusoho.com/crm/index',
  'document_name' => 'b04b1d584b9335e8a03582880df06e9c',
)

2017:04:25 02:53:00 : array (
  'url' => 'http://www.edusoho.com/cases',
  'document_name' => '13d3efde312a32312cc98c49b53f7d26',
)

2017:04:25 02:53:00 : array (
  'url' => 'http://www.edusoho.com/solutions/saas',
  'document_name' => '9df3434a56b00dfde7e187a042482e69',
)

2017:04:25 02:53:00 : array (
  'url' => 'http://www.edusoho.com/info',
  'document_name' => '962f2599216cd278817af440cb5fd6cb',
)

2017:04:25 02:53:00 : array (
  'url' => 'http://www.edusoho.com/theme_display',
  'document_name' => '276abe991c96459dad2864f33501563d',
)

2017:04:25 02:53:00 : array (
  'url' => 'http://www.edusoho.com/abouts/company',
  'document_name' => '8080feeb565d5b85089535180d2c2b6b',
)

2017:04:25 02:53:00 : array (
  'url' => 'http://www.edusoho.com/news/center',
  'document_name' => 'ca4e1a5bcb71dd5e5e7040a66fcb8c7f',
)

2017:04:25 02:53:00 : array (
  'url' => 'http://www.edusoho.com/abouts/progress',
  'document_name' => '1110c24b74aa209896d906c77f58e37a',
)

2017:04:25 02:54:00 : array (
  'url' => 'http://www.edusoho.com/abouts/connect',
  'document_name' => 'aa2140c27d15532114353db6f4b50a40',
)

2017:04:25 02:54:00 : array (
  'url' => 'http://www.edusoho.com/evaluating',
  'document_name' => '3aae9ce27cd9576282d497a68e53e23d',
)

2017:04:25 02:54:00 : array (
  'url' => 'http://www.edusoho.com/open/show',
  'document_name' => '7068626b5c0aac3353a53a236d7a2c48',
)

2017:04:25 02:54:00 : array (
  'url' => 'http://www.edusoho.com/product/mobile',
  'document_name' => '3e5c6b9625812f1340048e51b08f3704',
)

2017:04:25 02:54:00 : array (
  'url' => 'http://www.edusoho.com/product/plugin',
  'document_name' => '213c86b688f2bad7006522f5e43b71f1',
)

2017:04:25 02:54:00 : array (
  'url' => 'http://www.edusoho.com/images/wechat_hover.jpg',
  'document_name' => '3d93b1b80d7f7505dce547fe82a7323f',
)

2017:04:25 02:54:00 : array (
  'url' => 'http://www.edusoho.com/mobile',
  'document_name' => 'e7b4c8c004445c882ea0c18b6c873563',
)

2017:04:25 02:54:00 : array (
  'url' => 'http://www.edusoho.com/help',
  'document_name' => '03a9cf2626485e8aee99b793d6798bca',
)

2017:04:25 02:54:00 : array (
  'url' => 'http://www.edusoho.com/keyword',
  'document_name' => '8245ab64a0d0cbcebcdeef11b9b83acc',
)

2017:04:25 02:54:00 : array (
  'url' => 'http://www.edusoho.com/abouts/team',
  'document_name' => 'a83caa1674bc839d9598d9c60062c806',
)

2017:04:25 02:54:00 : array (
  'url' => 'http://www.edusoho.com/abouts/agency',
  'document_name' => 'c64ec7483ec81546894e23dd10e40548',
)

2017:04:25 02:54:00 : array (
  'url' => 'http://www.edusoho.com/keyword/source',
  'document_name' => 'bd175693fac04d9ff33cb9b9fd92946a',
)

2017:04:25 02:54:00 : array (
  'url' => 'http://www.edusoho.com/icp/img',
  'document_name' => '16e0f8a76ef5be2660c67ce0a735f056',
)

2017:04:25 02:54:00 : array (
  'url' => 'http://www.edusoho.com/libs/seajs/2.0.0/sea.js',
  'document_name' => 'f8688862329bcd788dfd7b51d0f212ab',
)

2017:04:25 02:54:00 : array (
  'url' => 'http://www.edusoho.com/product/saas',
  'document_name' => 'd4f033770d057cde69d6e2ce51a8d130',
)

2017:04:25 02:54:00 : array (
  'url' => 'http://www.edusoho.com/cloud/live',
  'document_name' => '091b5c134421a76842868085e2478e80',
)

2017:04:25 02:55:00 : array (
  'url' => 'http://www.edusoho.com/crm/index',
  'document_name' => 'a84ae6343570497058ca1228c3b36868',
)

2017:04:25 02:55:00 : array (
  'url' => 'http://www.edusoho.com/cases',
  'document_name' => '2d07aeebe4fc88e706fc36f526aeb38c',
)

2017:04:25 02:55:00 : array (
  'url' => 'http://www.edusoho.com/solutions/saas',
  'document_name' => 'a1acfbe6ced9cbb4afa69d1bf01c1842',
)

2017:04:25 02:55:00 : array (
  'url' => 'http://www.edusoho.com/info',
  'document_name' => '759fec0bebec3ab49c6f1be0954fe54c',
)

2017:04:25 02:55:00 : array (
  'url' => 'http://www.edusoho.com/theme_display',
  'document_name' => '4e243ab52a75f46dd0ca87c9ad8be212',
)

2017:04:25 02:55:00 : array (
  'url' => 'http://www.edusoho.com/abouts/company',
  'document_name' => '6da0223a5bf8b1924f85280e0aca5874',
)

2017:04:25 02:55:00 : array (
  'url' => 'http://www.edusoho.com/news/center',
  'document_name' => '0417e38d89b28ad962c6d385beebb51d',
)

2017:04:25 02:55:00 : array (
  'url' => 'http://www.edusoho.com/abouts/progress',
  'document_name' => '603ced5cd68a2b075891ad3ce7fc5060',
)

2017:04:25 02:55:00 : array (
  'url' => 'http://www.edusoho.com/abouts/connect',
  'document_name' => '82a08aa0598437d09eabd6eebf61f69a',
)

2017:04:25 02:55:00 : array (
  'url' => 'http://www.edusoho.com/evaluating',
  'document_name' => 'b6b0bd4d3cc4821e24345696fef8f756',
)

2017:04:25 02:55:00 : array (
  'url' => 'http://www.edusoho.com/open/show',
  'document_name' => '43f23d88a462ff7076a3ed63c43f6b6e',
)

2017:04:25 02:55:00 : array (
  'url' => 'http://www.edusoho.com/product/mobile',
  'document_name' => '7719f1e2a50fd06637b43e1063bd527c',
)

2017:04:25 02:55:00 : array (
  'url' => 'http://www.edusoho.com/product/plugin',
  'document_name' => '1c0d3b5e5f852c682ed4f9b171f96493',
)

2017:04:25 02:55:00 : array (
  'url' => 'http://www.edusoho.com/images/wechat_hover.jpg',
  'document_name' => 'c182e1bd2e0c27a630172bca494cb3fa',
)

2017:04:25 02:56:00 : array (
  'url' => 'http://www.edusoho.com/mobile',
  'document_name' => '6c063e22773826635363a7ddf2ee6e7b',
)

2017:04:25 02:56:00 : array (
  'url' => 'http://www.edusoho.com/help',
  'document_name' => 'c14710c397b8ddd2df7b8c166cd26a19',
)

2017:04:25 02:56:00 : array (
  'url' => 'http://www.edusoho.com/keyword',
  'document_name' => 'ca18dda9641b811f0afccb38b5313b7b',
)

2017:04:25 02:56:00 : array (
  'url' => 'http://www.edusoho.com/abouts/team',
  'document_name' => '2f783a25203782087f35010b5d8b326f',
)

2017:04:25 02:56:00 : array (
  'url' => 'http://www.edusoho.com/abouts/agency',
  'document_name' => '6c24cb9fed66046774442679991d017d',
)

2017:04:25 02:56:00 : array (
  'url' => 'http://www.edusoho.com/keyword/source',
  'document_name' => '042abbcc3ba694cfc3f32a2f8b0cc5db',
)

2017:04:25 02:56:00 : array (
  'url' => 'http://www.edusoho.com/icp/img',
  'document_name' => 'f3d89b83f7288fef952457c846b0a5de',
)

2017:04:25 02:56:00 : array (
  'url' => 'http://www.edusoho.com/libs/seajs/2.0.0/sea.js',
  'document_name' => '03e7f102b142ec46a2cd7298e4fdbccf',
)

2017:04:25 02:56:00 : array (
  'url' => 'http://www.edusoho.com/cloud/live',
  'document_name' => '7c435c1bbb3e8b6437768c729cda27f3',
)

2017:04:25 02:56:00 : array (
  'url' => 'http://www.edusoho.com/crm/index',
  'document_name' => '24173078e7e17514dcdbcd9147937892',
)

2017:04:25 02:56:00 : array (
  'url' => 'http://www.edusoho.com/cases',
  'document_name' => 'be6135999de30d2de5bbf70a08605ae9',
)

2017:04:25 02:56:00 : array (
  'url' => 'http://www.edusoho.com/solutions/saas',
  'document_name' => '13e668939009070ec36bbf0143b34e15',
)

2017:04:25 02:56:00 : array (
  'url' => 'http://www.edusoho.com/info',
  'document_name' => 'a3fb43fa29f4113d208066dde10a3ba2',
)

2017:04:25 02:56:00 : array (
  'url' => 'http://www.edusoho.com/theme_display',
  'document_name' => 'cd9ac387e11b6a29d995a992f2882a09',
)

2017:04:25 02:56:00 : array (
  'url' => 'http://www.edusoho.com/abouts/company',
  'document_name' => '7e9aeaa033f77f69ef3f6d4657ff5146',
)

2017:04:25 02:57:00 : array (
  'url' => 'http://www.edusoho.com/news/center',
  'document_name' => 'fc0a20be9333a56751c3bdb24f8ad6eb',
)

2017:04:25 02:57:00 : array (
  'url' => 'http://www.edusoho.com/abouts/progress',
  'document_name' => 'c2a75026276b679d8045853c156148cc',
)

2017:04:25 02:57:00 : array (
  'url' => 'http://www.edusoho.com/abouts/connect',
  'document_name' => '34d54114daaad04f40cc7d91ad66e9e1',
)

2017:04:25 02:57:00 : array (
  'url' => 'http://www.edusoho.com/evaluating',
  'document_name' => 'e8384e0eff94135736d0a3d5c72cadb9',
)

2017:04:25 02:57:00 : array (
  'url' => 'http://www.edusoho.com/open/show',
  'document_name' => '745b330380bc64066eb9983bf6a91d1b',
)

2017:04:25 02:57:00 : array (
  'url' => 'http://www.edusoho.com/product/mobile',
  'document_name' => 'c71adfc09bb72603b44a4e460b7ebae5',
)

2017:04:25 02:57:00 : array (
  'url' => 'http://www.edusoho.com/product/plugin',
  'document_name' => '7ba425299393492f0a9e56d9a3e20644',
)

2017:04:25 02:57:00 : array (
  'url' => 'http://www.edusoho.com/images/wechat_hover.jpg',
  'document_name' => '5d6d95ab38d34843f2a7744280e05552',
)

2017:04:25 02:57:00 : array (
  'url' => 'http://www.edusoho.com/mobile',
  'document_name' => 'd6da8d66d2586fb7816cc4bff9adf698',
)

2017:04:25 02:57:00 : array (
  'url' => 'http://www.edusoho.com/help',
  'document_name' => '05b41920c5fdc4cf41874c8993e328e6',
)

2017:04:25 02:57:00 : array (
  'url' => 'http://www.edusoho.com/keyword',
  'document_name' => '98b73ed42855e0bb8f5e77949b626007',
)

2017:04:25 02:57:00 : array (
  'url' => 'http://www.edusoho.com/abouts/team',
  'document_name' => 'b2f70ac62f749a9d3dcf9e036f485f0d',
)

2017:04:25 02:57:00 : array (
  'url' => 'http://www.edusoho.com/abouts/agency',
  'document_name' => '7a697930bd747ab04ead4ada84ac24aa',
)

2017:04:25 02:57:00 : array (
  'url' => 'http://www.edusoho.com/keyword/source',
  'document_name' => '4a357d8177ad22facdd4b93ca865c54e',
)

2017:04:25 02:57:00 : array (
  'url' => 'http://www.edusoho.com/icp/img',
  'document_name' => '1bed410b872ac57f62c62320afcf4fa3',
)

2017:04:25 02:57:00 : array (
  'url' => 'http://www.edusoho.com/libs/seajs/2.0.0/sea.js',
  'document_name' => 'e37e1d02b06ae7a319d5412d7a4eec0e',
)

2017:04:25 02:57:00 : array (
  'url' => 'http://www.edusoho.com/crm/index',
  'document_name' => '7a93f76874bf6053732c430bfa3524e4',
)

2017:04:25 02:58:00 : array (
  'url' => 'http://www.edusoho.com/cases',
  'document_name' => 'f83a4f758ce4e50ae7e937e64dfcf185',
)

2017:04:25 02:58:00 : array (
  'url' => 'http://www.edusoho.com/solutions/saas',
  'document_name' => '82126b2d1455b8822c51ff9159c5f000',
)

2017:04:25 02:58:00 : array (
  'url' => 'http://www.edusoho.com/info',
  'document_name' => 'a6d69312c285d8ae3cf907d17538ff77',
)

2017:04:25 02:58:00 : array (
  'url' => 'http://www.edusoho.com/theme_display',
  'document_name' => 'c859bd90aac038a7ddbef35f4a5f38c2',
)

2017:04:25 02:58:00 : array (
  'url' => 'http://www.edusoho.com/abouts/company',
  'document_name' => 'bc342124b6b6cc1bef90388f44c8b06e',
)

2017:04:25 02:58:00 : array (
  'url' => 'http://www.edusoho.com/news/center',
  'document_name' => '29b212d642f9c7c97677e8492e5a0957',
)

2017:04:25 02:58:00 : array (
  'url' => 'http://www.edusoho.com/abouts/progress',
  'document_name' => 'b37474fd4d64fe810bc9070112fee409',
)

2017:04:25 02:58:00 : array (
  'url' => 'http://www.edusoho.com/abouts/connect',
  'document_name' => '58f6325f1b0bcc1e29cc138346675316',
)

2017:04:25 02:58:00 : array (
  'url' => 'http://www.edusoho.com/evaluating',
  'document_name' => 'f5c03a8f784b782651cca52adc1350dc',
)

2017:04:25 02:58:00 : array (
  'url' => 'http://www.edusoho.com/open/show',
  'document_name' => '9079400ae868a94afc236ae7c9daf924',
)

2017:04:25 02:58:00 : array (
  'url' => 'http://www.edusoho.com/product/mobile',
  'document_name' => 'a704976c48f55d25532d414f66300f7b',
)

2017:04:25 02:58:00 : array (
  'url' => 'http://www.edusoho.com/product/plugin',
  'document_name' => '9617946dbf2974ea87f20f1f2823bc1e',
)

2017:04:25 02:59:00 : array (
  'url' => 'http://www.edusoho.com/images/wechat_hover.jpg',
  'document_name' => 'aa30ee68160b99b168d54fe66ed4195e',
)

2017:04:25 02:59:00 : array (
  'url' => 'http://www.edusoho.com/mobile',
  'document_name' => 'b8262bbcf4c13d8b8a37c91c738824a6',
)

2017:04:25 02:59:00 : array (
  'url' => 'http://www.edusoho.com/keyword',
  'document_name' => 'c590e77358253dacce0badaceea0d96c',
)

2017:04:25 02:59:00 : array (
  'url' => 'http://www.edusoho.com/help',
  'document_name' => '8d415304116aeace2cac6bb9804627cb',
)

2017:04:25 02:59:00 : array (
  'url' => 'http://www.edusoho.com/abouts/team',
  'document_name' => '859bb1a3ffaa4674165693ae8c467940',
)

2017:04:25 02:59:00 : array (
  'url' => 'http://www.edusoho.com/abouts/agency',
  'document_name' => '78c4323ae02adab504186112a493bd6e',
)

2017:04:25 02:59:00 : array (
  'url' => 'http://www.edusoho.com/keyword/source',
  'document_name' => 'f470bc9d160bab313abe0980ab66199a',
)

2017:04:25 02:59:00 : array (
  'url' => 'http://www.edusoho.com/icp/img',
  'document_name' => 'a19109ca612a002aaf74a6a3e94a2fce',
)

2017:04:25 02:59:00 : array (
  'url' => 'http://www.edusoho.com/libs/seajs/2.0.0/sea.js',
  'document_name' => '3ec1fe707f51ba0fe9ddc3742a1af025',
)

2017:04:25 02:59:00 : array (
  'url' => 'http://www.edusoho.com/cases',
  'document_name' => 'f4b6f30662397c4848d620b362967ffa',
)

2017:04:25 02:59:00 : array (
  'url' => 'http://www.edusoho.com/solutions/saas',
  'document_name' => 'a267a861a7752cfec93b4c49d73e6365',
)

2017:04:25 02:00:01 : array (
  'url' => 'http://www.edusoho.com/info',
  'document_name' => 'f13d70870832445ed119bc4cdc44e4cd',
)

2017:04:25 02:00:01 : array (
  'url' => 'http://www.edusoho.com/theme_display',
  'document_name' => '1aae0599d721353a6c5bc9ef86df9d11',
)

2017:04:25 02:00:01 : array (
  'url' => 'http://www.edusoho.com/abouts/company',
  'document_name' => 'e7f82201cc8f9ad4de3a718e7bec3916',
)

2017:04:25 02:00:01 : array (
  'url' => 'http://www.edusoho.com/news/center',
  'document_name' => '1d316f7c60167a3e2f7fc540206c4785',
)

2017:04:25 02:00:01 : array (
  'url' => 'http://www.edusoho.com/abouts/progress',
  'document_name' => 'c91047e3bb2603cd695856e8e1042c5a',
)

2017:04:25 02:00:01 : array (
  'url' => 'http://www.edusoho.com/abouts/connect',
  'document_name' => 'c4b5fd62c9e124730690262031d8aaa1',
)

2017:04:25 02:00:01 : array (
  'url' => 'http://www.edusoho.com/evaluating',
  'document_name' => '57ba50a2da1b356067d307f726384a4a',
)

2017:04:25 02:00:01 : array (
  'url' => 'http://www.edusoho.com/open/show',
  'document_name' => 'ff0450ff429b3d2cd8c0a099041ad1fe',
)

2017:04:25 02:00:01 : array (
  'url' => 'http://www.edusoho.com/product/mobile',
  'document_name' => '8418b100a2296f695b3d49ebd2fcce72',
)

2017:04:25 02:00:01 : array (
  'url' => 'http://www.edusoho.com/product/plugin',
  'document_name' => '2d7e8a520b92e6dc154b301e90f09b6c',
)

2017:04:25 02:00:01 : array (
  'url' => 'http://www.edusoho.com/images/wechat_hover.jpg',
  'document_name' => '6ca342d3942485ca8121be0adc83b473',
)

2017:04:25 02:00:01 : array (
  'url' => 'http://www.edusoho.com/mobile',
  'document_name' => '3b5db92d942ec484dfb05f3d57002db0',
)

2017:04:25 02:00:01 : array (
  'url' => 'http://www.edusoho.com/customer/create',
  'document_name' => '59ac96f841827ff0eb2f3b9dd97eef5c',
)

2017:04:25 02:00:01 : array (
  'url' => 'http://www.edusoho.com/captcha/code/check',
  'document_name' => 'c284346ddfa3dc5e82e08e5467685d34',
)

2017:04:25 02:00:01 : array (
  'url' => 'http://www.edusoho.com/captcha/code',
  'document_name' => '869298ec3caa6e7e5ca3235a32fdaf93',
)

2017:04:25 02:01:01 : array (
  'url' => 'http://www.edusoho.com/sms/verify/check',
  'document_name' => '0e9d2b83a17226f4032a5d24f03731bf',
)

2017:04:25 02:01:01 : array (
  'url' => 'http://www.edusoho.com/sms/verify',
  'document_name' => 'a88e1556fa41735e2701a18255017dc2',
)

2017:04:25 02:01:01 : array (
  'url' => 'http://www.edusoho.com/keyword',
  'document_name' => 'fbf57f9a1b97136698f395ddb3cbd907',
)

2017:04:25 02:01:01 : array (
  'url' => 'http://www.edusoho.com/help',
  'document_name' => '39cdc2756373bf26014d5149256ae7ab',
)

2017:04:25 02:01:01 : array (
  'url' => 'http://www.edusoho.com/abouts/team',
  'document_name' => 'ab79c2f6f27c4da922c118ae1b91d135',
)

2017:04:25 02:01:01 : array (
  'url' => 'http://www.edusoho.com/abouts/agency',
  'document_name' => '399aa46e89baa1c82b85bc3e802b375a',
)

2017:04:25 02:01:01 : array (
  'url' => 'http://www.edusoho.com/keyword/source',
  'document_name' => 'e6b55372486e6a46c24456fe28dcda4e',
)

2017:04:25 02:01:01 : array (
  'url' => 'http://www.edusoho.com/icp/img',
  'document_name' => '775a37055888d1cbdf3ba1d3c1a20176',
)

2017:04:25 02:01:01 : array (
  'url' => 'http://www.edusoho.com/libs/seajs/2.0.0/sea.js',
  'document_name' => '3c10b4682d5580531738fd2babeed4f9',
)

2017:04:25 02:01:01 : array (
  'url' => 'http://www.edusoho.com/solutions/saas',
  'document_name' => 'e0bd47560359c7de3bafdaf88a1c7577',
)

2017:04:25 02:01:01 : array (
  'url' => 'http://www.edusoho.com/info',
  'document_name' => '809588a893f74be8a5e1131bb1105dd3',
)

2017:04:25 02:01:01 : array (
  'url' => 'http://www.edusoho.com/theme_display',
  'document_name' => '4f3d18d27dde6886c529a739f8edda9f',
)

2017:04:25 02:01:01 : array (
  'url' => 'http://www.edusoho.com/abouts/company',
  'document_name' => '83e0b0255945e5dff1600235f61d3e54',
)

2017:04:25 02:02:01 : array (
  'url' => 'http://www.edusoho.com/news/center',
  'document_name' => '18af6cc3ed786b5834cae3ab11ded539',
)

2017:04:25 02:02:01 : array (
  'url' => 'http://www.edusoho.com/abouts/progress',
  'document_name' => 'c6bb00092da98851febc0ff50d820708',
)

2017:04:25 02:02:01 : array (
  'url' => 'http://www.edusoho.com/abouts/connect',
  'document_name' => '30aaf36614237e21b2d0ac85bd07068c',
)

2017:04:25 02:02:01 : array (
  'url' => 'http://www.edusoho.com/evaluating',
  'document_name' => 'a0bf05dc3ab3ae480be48c3099d547ac',
)

2017:04:25 02:02:01 : array (
  'url' => 'http://www.edusoho.com/open/show',
  'document_name' => '6ff13f58ce39441cdd94c85687cdb6b0',
)

2017:04:25 02:02:01 : array (
  'url' => 'http://www.edusoho.com/product/mobile',
  'document_name' => '0b6d84e62967ab52733af5ee0d4339f0',
)

2017:04:25 02:02:01 : array (
  'url' => 'http://www.edusoho.com/product/plugin',
  'document_name' => '24eb0200f81f77e05d6a17c4286dc014',
)

2017:04:25 02:02:01 : array (
  'url' => 'http://www.edusoho.com/images/wechat_hover.jpg',
  'document_name' => '4edfa268f2e95bf23be8ef50ff49c27b',
)

2017:04:25 02:02:01 : array (
  'url' => 'http://www.edusoho.com/mobile',
  'document_name' => '9f334c31a61c667fca0f6da5c869d373',
)

2017:04:25 02:19:01 : array (
  'url' => 'edusoho.com',
  'document_name' => '035979166cda1a4d0acd890c2e3e54f9',
)

2017:04:25 02:23:01 : array (
  'url' => 'edusoho.com',
  'document_name' => 'd5850679ee07137290b8ce1ee897c233',
)

2017:04:25 02:41:01 : array (
  'url' => 'edusoho.com',
  'document_name' => '378eacceb82d6900acde8e7b4eacd627',
)

2017:04:25 02:09:03 : array (
  'url' => 'edusoho.com',
  'document_name' => 'c9b273d7b226b988ede64017f246d8fb',
)

2017:04:25 02:09:03 : array (
  'url' => 'edusoho.com/product/system',
  'document_name' => 'bebecb9c0cb9683e0a0c204e82538c2e',
)

2017:04:25 02:09:03 : array (
  'url' => 'edusoho.com/product/train',
  'document_name' => '2edbe52bb7bbc96615f207c115ab8033',
)

2017:04:25 02:09:03 : array (
  'url' => 'edusoho.com/product/colleges',
  'document_name' => 'bfcb1b67b8fd70148e44cbd55eaf1ec4',
)

2017:04:25 02:10:03 : array (
  'url' => 'http://www.edusoho.com.cn',
  'document_name' => 'd41d8cd98f00b204e9800998ecf8427e',
)

2017:04:25 02:10:03 : array (
  'url' => 'edusoho.com/product/saas',
  'document_name' => 'e1e6b6559ae423461d9bf8bf00593a3b',
)

2017:04:25 02:11:03 : array (
  'url' => 'edusoho.com/cloud/live',
  'document_name' => 'a20bfc40f07e9b802da6423acdd9e44d',
)

2017:04:25 02:11:03 : array (
  'url' => 'edusoho.com/crm/index',
  'document_name' => '9154f01ea76e7c79f0e7e367a163db65',
)

2017:04:25 02:11:03 : array (
  'url' => 'edusoho.com/cases',
  'document_name' => '96e66e4153868619e6ceadcb8729a4a1',
)

2017:04:25 02:11:03 : array (
  'url' => 'edusoho.com/solutions/saas',
  'document_name' => '5a6de89b50410166c80dd72ab5dc2d5c',
)

2017:04:25 02:11:03 : array (
  'url' => 'edusoho.com/info',
  'document_name' => '474a5a8ef50a60266f178f3b0e19f8d0',
)

2017:04:25 02:11:03 : array (
  'url' => 'edusoho.com/theme_display',
  'document_name' => 'd9187b7aab3bbccb89ac63e473cb1de9',
)

2017:04:25 02:11:03 : array (
  'url' => 'edusoho.com/abouts/company',
  'document_name' => '86aeaa0bb0888247c00fb80b493b8fe8',
)

2017:04:25 02:11:03 : array (
  'url' => 'edusoho.com/news/center',
  'document_name' => '6d2880b8b008cba21fa152d3860ebeef',
)

2017:04:25 02:11:03 : array (
  'url' => 'edusoho.com/abouts/progress',
  'document_name' => '8595343e15f30df65fc99b5bf0d7d871',
)

2017:04:25 02:11:03 : array (
  'url' => 'edusoho.com/abouts/connect',
  'document_name' => '9df52d56fe8577765a729c42ad2a56e5',
)

2017:04:25 02:12:03 : array (
  'url' => 'edusoho.com/abouts/joinus',
  'document_name' => '0d50dffcf9265c14ba4310c5fd296e96',
)

2017:04:25 02:12:03 : array (
  'url' => 'edusoho.com/probation/logo',
  'document_name' => 'cd4f8ef30459e4c719dbdb584a4e5c92',
)

2017:04:25 02:12:03 : array (
  'url' => 'edusoho.com/evaluating',
  'document_name' => '1cc0bf260305f83c9a9ad1fe13ac7ce2',
)

2017:04:25 02:12:03 : array (
  'url' => 'edusoho.com/open/show',
  'document_name' => '2a6e8d79db22cbcf591e14e6633d501d',
)

2017:04:25 02:13:03 : array (
  'url' => 'http://demo.edusoho.com/',
  'document_name' => '86bf0ceb5598a42c7f1588ae291b77fe',
)

2017:04:25 02:13:03 : array (
  'url' => 'edusoho.com/product/mobile',
  'document_name' => '455d95aab65785f3253ef72a2c9a9bf1',
)

2017:04:25 02:13:03 : array (
  'url' => 'edusoho.com/product/plugin',
  'document_name' => 'c34b8e9a277c7489a7402879cb8179d5',
)

2017:04:25 02:13:03 : array (
  'url' => 'edusoho.com/en',
  'document_name' => '0ea387b4ea8b86f15b4c60917c48f63e',
)

2017:04:25 02:13:03 : array (
  'url' => 'edusoho.com/images/wechat_hover.jpg',
  'document_name' => 'a494eed010a4695b88903912f6092615',
)

2017:04:25 02:13:03 : array (
  'url' => 'edusoho.com/mobile',
  'document_name' => '7c6e7bf144d8d0e29c92a873e2d8521e',
)

2017:04:25 02:13:03 : array (
  'url' => 'edusoho.com/video/modal',
  'document_name' => '89ffc6873bb013b883a86d034ab2e1a3',
)

2017:04:25 02:13:03 : array (
  'url' => 'edusoho.com/probation/mobile',
  'document_name' => '9f2a551d86321d73e76273cc2ff4b804',
)

2017:04:25 02:13:03 : array (
  'url' => 'edusoho.com/info/631/show',
  'document_name' => '382a480451f43bcef2422687a356e9e1',
)

2017:04:25 02:13:03 : array (
  'url' => 'edusoho.com/info/630/show',
  'document_name' => '555c5e5d019280e0b97740e6ca7168aa',
)

2017:04:25 02:13:03 : array (
  'url' => 'edusoho.com/info/629/show',
  'document_name' => '732cee8f2b01447fcc7b887833407fc5',
)

2017:04:25 02:13:03 : array (
  'url' => 'edusoho.com/info/628/show',
  'document_name' => '0a5e9ce35e9ece1a3cd78d05bfad6bc4',
)

2017:04:25 02:13:03 : array (
  'url' => 'edusoho.com/info/627/show',
  'document_name' => 'dd1a112f418056115f7defcd8181fe19',
)

2017:04:25 02:14:03 : array (
  'url' => 'edusoho.com/info/626/show',
  'document_name' => 'ac62505efd98a1035bcf0fa4b5f7db6d',
)

2017:04:25 02:14:03 : array (
  'url' => 'edusoho.com/info/625/show',
  'document_name' => '22c4573fcf8cd68ed70fe5a69dafff62',
)

2017:04:25 02:14:03 : array (
  'url' => 'edusoho.com/info/624/show',
  'document_name' => '757551645665a7c618468f9504abe437',
)

2017:04:25 02:14:03 : array (
  'url' => 'edusoho.com/info/623/show',
  'document_name' => '8666aae5f18a56a4762a560cfbdfbcb1',
)

2017:04:25 02:14:03 : array (
  'url' => 'http://www.qiqiuyu.com/course/explore/install',
  'document_name' => 'a6111d37c9448e6e6b78601d4ac25077',
)

2017:04:25 02:15:03 : array (
  'url' => 'http://www.qiqiuyu.com/course/explore/fuction',
  'document_name' => 'bbc7f6f9f1a6c295b0e2debf1514fb77',
)

2017:04:25 02:15:03 : array (
  'url' => 'edusoho.com/help',
  'document_name' => '259955cc84787fd0556c360c9e4ff49e',
)

2017:04:25 02:15:03 : array (
  'url' => 'edusoho.com/keyword',
  'document_name' => '0295d54063f58f0a032ada8309af7db6',
)

2017:04:25 02:15:03 : array (
  'url' => 'http://www.edusoho.com/',
  'document_name' => '2672050bca2e944acb9a46b2979b4900',
)

2017:04:25 02:15:03 : array (
  'url' => 'http://open.edusoho.com',
  'document_name' => '224035326078c7b95f636953117e07f7',
)

2017:04:25 02:16:03 : array (
  'url' => 'http://www.howzhi.com/',
  'document_name' => '7a0649c8727d1e45478f33efb3d3622d',
)

2017:04:25 02:16:03 : array (
  'url' => 'http://www.edusoho.com/en',
  'document_name' => '5ffa94e0bef76ef3ae92e28f91280262',
)

2017:04:25 02:16:03 : array (
  'url' => 'edusoho.com/abouts/team',
  'document_name' => '850ddf93a26254d42baac3cec9c20081',
)

2017:04:25 02:16:03 : array (
  'url' => 'edusoho.com/abouts/agency',
  'document_name' => '3d33829828124e320f954394e354e437',
)

2017:04:25 02:16:03 : array (
  'url' => 'http://www.edusoho.com/info/586/show',
  'document_name' => 'aadfbb5b5c23d303b8ae1b5202c7bd81',
)

2017:04:25 02:16:03 : array (
  'url' => 'edusoho.com/keyword/source',
  'document_name' => '7fcafd59815be121a3f1ccb062d58d94',
)

2017:04:25 02:17:03 : array (
  'url' => 'http://open.edusoho.com/index/developer',
  'document_name' => '836d544e2b214c93244660863cea0047',
)

2017:04:25 02:17:03 : array (
  'url' => 'http://www.qiqiuyu.com/group/5',
  'document_name' => '18933321e35556ac17aa99ceade2f9f4',
)

2017:04:25 02:17:03 : array (
  'url' => 'http://www.jiaoping.com/',
  'document_name' => '0ce846b5e4a5200b5f0df61fd7c1e62b',
)

2017:04:25 02:18:03 : array (
  'url' => 'http://www.topwangxiao.com/',
  'document_name' => '887ed879512122854ab5cd9d9644a606',
)

2017:04:25 02:57:37 : array (
  'url' => 'http://www.edusoho.com.cn',
  'document_name' => 'd41d8cd98f00b204e9800998ecf8427e',
)

2017:04:25 02:43:48 : array (
  'url' => 'edusoho.com/product/train',
  'document_name' => '3debda5a7aa7d037073541a14339ea08',
)

2017:04:25 02:44:48 : array (
  'url' => 'edusoho.com/product/colleges',
  'document_name' => 'f21397f09917c946f1aedb0bb7073404',
)

2017:04:25 02:46:48 : array (
  'url' => 'http://www.edusoho.com.cn',
  'document_name' => 'd41d8cd98f00b204e9800998ecf8427e',
)

2017:04:25 02:46:48 : array (
  'url' => 'edusoho.com/product/saas',
  'document_name' => '6f13341608c64cbada8bef2075a1c4a5',
)

2017:04:25 02:47:48 : array (
  'url' => 'edusoho.com/cloud/live',
  'document_name' => 'e7db802235dfc801f07a526b2563129b',
)

2017:04:25 02:48:48 : array (
  'url' => 'edusoho.com/crm/index',
  'document_name' => '8349de28f8cebc1ca6fadf24c005764f',
)

2017:04:25 02:49:48 : array (
  'url' => 'edusoho.com/cases',
  'document_name' => '9995ad385c7e59b73225c3d7f7f66e01',
)

2017:04:25 02:51:48 : array (
  'url' => 'edusoho.com/solutions/saas',
  'document_name' => '8a2a41889c0efa06448a0aa3237f8775',
)

2017:04:25 02:52:48 : array (
  'url' => 'edusoho.com/info',
  'document_name' => '2c3b63ff3309a9be364f436a850c9447',
)

2017:04:25 02:53:48 : array (
  'url' => 'edusoho.com/theme_display',
  'document_name' => '5777ef7b2dae5a22fe6a68f2200b01be',
)

2017:04:25 02:54:48 : array (
  'url' => 'edusoho.com/abouts/company',
  'document_name' => 'f26f37b84fb600cc340f3a2ba1ad9392',
)

2017:04:25 02:55:48 : array (
  'url' => 'edusoho.com/news/center',
  'document_name' => '3253ce37cf79068f08b5461890e90ad4',
)

2017:04:25 02:57:48 : array (
  'url' => 'edusoho.com/abouts/progress',
  'document_name' => '1069c0668c0f2986ac3aedf230d34e3c',
)

2017:04:25 02:58:48 : array (
  'url' => 'edusoho.com/abouts/connect',
  'document_name' => '09397080887752b8d8ab29691cb46796',
)

2017:04:25 02:00:49 : array (
  'url' => 'edusoho.com/abouts/joinus',
  'document_name' => '097197a106737d4b5fa2d4a39d05d79b',
)

2017:04:25 02:01:49 : array (
  'url' => 'edusoho.com/probation/logo',
  'document_name' => '877677d7a9da43ec15714a45d9cc840d',
)

2017:04:25 02:02:49 : array (
  'url' => 'edusoho.com/evaluating',
  'document_name' => 'a12900c23e9c7e1f21946fbc844aab7e',
)

2017:04:25 02:03:49 : array (
  'url' => 'edusoho.com/open/show',
  'document_name' => 'cb82e9c06483a99d08e21b1ed2001195',
)

2017:04:25 02:05:49 : array (
  'url' => 'http://demo.edusoho.com/',
  'document_name' => '1522ab990a509dee3bdff268f2acfccc',
)

2017:04:25 02:07:49 : array (
  'url' => 'edusoho.com/product/mobile',
  'document_name' => '1180e7fce99d2cd432ce05c55b1fa7ab',
)

2017:04:25 02:09:49 : array (
  'url' => 'edusoho.com/product/plugin',
  'document_name' => '9de6cf5bbffbadd245e0cadaf814e91e',
)

2017:04:25 02:10:49 : array (
  'url' => 'edusoho.com/en',
  'document_name' => '92ca71b4549de6bd3aa3792da450f6c9',
)

2017:04:25 02:12:49 : array (
  'url' => 'edusoho.com/images/wechat_hover.jpg',
  'document_name' => '8e28a5f5e96c38e7f9f49cc7c499ec50',
)

2017:04:25 02:12:49 : array (
  'url' => 'edusoho.com/mobile',
  'document_name' => 'dcdc140fdc0f7b7feefe3eef5b854210',
)

2017:04:25 02:16:49 : array (
  'url' => 'edusoho.com/info/631/show',
  'document_name' => 'bab53e4c0c5fadc05df7b28b37b3f982',
)

2017:04:25 02:18:49 : array (
  'url' => 'edusoho.com/info/630/show',
  'document_name' => '550ade77103fcab19bf55251610e4d5c',
)

2017:04:25 02:20:49 : array (
  'url' => 'edusoho.com/info/629/show',
  'document_name' => '78309a1cd4807693ed02af5a9b8dd60f',
)

2017:04:25 02:22:49 : array (
  'url' => 'edusoho.com/info/628/show',
  'document_name' => 'ce8f1f094fcf6cf5586f11c30cc13e6e',
)

2017:04:25 02:24:49 : array (
  'url' => 'edusoho.com/info/627/show',
  'document_name' => 'aa39e9b9c12a07d9f5383255aee079d4',
)

2017:04:25 02:26:49 : array (
  'url' => 'edusoho.com/info/626/show',
  'document_name' => '89e070b76ef2be32fb8c33b7050bd10a',
)

2017:04:25 02:28:49 : array (
  'url' => 'edusoho.com/info/625/show',
  'document_name' => '82ed51db56fa4b3a6c8be2ab733b43bf',
)

2017:04:25 02:30:49 : array (
  'url' => 'edusoho.com/info/624/show',
  'document_name' => '02895d626f4c60adebbf818375ace006',
)

2017:04:25 02:32:49 : array (
  'url' => 'edusoho.com/info/623/show',
  'document_name' => '1ea9bede944a52fd326ab2aa524c74c4',
)

2017:04:25 02:35:49 : array (
  'url' => 'http://www.qiqiuyu.com/course/explore/install',
  'document_name' => '0e00571c6353a7f7eae095d144051311',
)

2017:04:25 02:36:49 : array (
  'url' => 'http://www.qiqiuyu.com/course/explore/fuction',
  'document_name' => 'd46e82cf54aaec335694acfb36aac05b',
)

2017:04:25 02:37:49 : array (
  'url' => 'edusoho.com/help',
  'document_name' => 'aa2a7fe5421debea28e2e938e617903f',
)

2017:04:25 02:39:49 : array (
  'url' => 'edusoho.com/keyword',
  'document_name' => 'bbe122d7e28dad783054c369fdefeb40',
)

2017:04:25 02:42:49 : array (
  'url' => 'http://www.edusoho.com/',
  'document_name' => 'fb7bf54ad30c665486c98d92bfcaffae',
)

2017:04:25 02:44:49 : array (
  'url' => 'http://open.edusoho.com',
  'document_name' => '672977625b49540d5bc5b2169d4b5b83',
)

2017:04:25 02:46:49 : array (
  'url' => 'http://www.howzhi.com/',
  'document_name' => '8dd22be2ee86dc39820eb7caf0c9d907',
)

2017:04:25 02:48:49 : array (
  'url' => 'http://www.edusoho.com/en',
  'document_name' => 'b96fa75db40874de86ac1e0eeeaabf02',
)

2017:04:25 02:49:49 : array (
  'url' => 'edusoho.com/abouts/team',
  'document_name' => '15d9f175bf5a450a9a19040fbadf3a28',
)

2017:04:25 02:50:49 : array (
  'url' => 'edusoho.com/abouts/agency',
  'document_name' => '2e9dc78c7394942f437b869c214e912f',
)

2017:04:25 02:51:49 : array (
  'url' => 'http://www.edusoho.com/info/586/show',
  'document_name' => '1cbed941544aa58fc87218c4cdfd05e7',
)

2017:04:25 02:52:49 : array (
  'url' => 'edusoho.com/keyword/source',
  'document_name' => 'ea35bfe19d238cff28b41b07ac419374',
)

2017:04:25 02:54:49 : array (
  'url' => 'http://open.edusoho.com/index/developer',
  'document_name' => '0130c7e26f4bceb64fef9ee57e6ca948',
)

2017:04:25 02:55:49 : array (
  'url' => 'http://www.qiqiuyu.com/group/5',
  'document_name' => 'e1d7f221d7487d4f8d033e9b456c5f2b',
)

2017:04:25 02:58:49 : array (
  'url' => 'http://www.jiaoping.com/',
  'document_name' => 'eadd72b16c63cc143c569bf972e340cc',
)

2017:04:25 02:08:50 : array (
  'url' => 'http://www.topwangxiao.com/',
  'document_name' => 'dd6c802a503608f1b42332cf8b552fd6',
)

2017:04:25 02:25:51 : array (
  'url' => 'http://www.edusoho.com.cn',
  'document_name' => 'd41d8cd98f00b204e9800998ecf8427e',
)

2017:04:25 03:13:59 : array (
  'url' => 'http://www.edusoho.com.cn',
  'document_name' => 'd41d8cd98f00b204e9800998ecf8427e',
)

2017:04:25 04:11:00 : array (
  'url' => 'http://www.51guoji.com/',
  'document_name' => 'd41d8cd98f00b204e9800998ecf8427e',
)

2017:04:25 04:36:01 : array (
  'url' => 'http://qiuzhi.edusoho.cn/',
  'document_name' => 'd41d8cd98f00b204e9800998ecf8427e',
)

2017:04:25 04:52:01 : array (
  'url' => 'http://www.luobo360.com/',
  'document_name' => 'd41d8cd98f00b204e9800998ecf8427e',
)

2017:04:25 04:55:01 : array (
  'url' => 'http://www.iguiz.cn/',
  'document_name' => 'd41d8cd98f00b204e9800998ecf8427e',
)

